c:\users\erik\capstone\erik_erik_1982\c4 engine\capstonecode.bsc
c:\users\erik\capstone\erik_erik_1982\c4 engine\capstonecode.lib
c:\users\erik\capstone\erik_erik_1982\c4 engine\capstonecode.exp
c:\users\erik\capstone\erik_erik_1982\capstonecode\capstonecode\debug\vc120.pdb
c:\users\erik\capstone\erik_erik_1982\capstonecode\capstonecode\debug\vc120.idb
c:\users\erik\capstone\erik_erik_1982\capstonecode\capstonecode\debug\updateweaponmessageall.sbr
c:\users\erik\capstone\erik_erik_1982\capstonecode\capstonecode\debug\updateweaponmessage.sbr
c:\users\erik\capstone\erik_erik_1982\capstonecode\capstonecode\debug\spawnmessage.sbr
c:\users\erik\capstone\erik_erik_1982\capstonecode\capstonecode\debug\spawndummymessage.sbr
c:\users\erik\capstone\erik_erik_1982\capstonecode\capstonecode\debug\serverhealthupdatemessage.sbr
c:\users\erik\capstone\erik_erik_1982\capstonecode\capstonecode\debug\requestrenamemessage.sbr
c:\users\erik\capstone\erik_erik_1982\capstonecode\capstonecode\debug\requestmessage.sbr
c:\users\erik\capstone\erik_erik_1982\capstonecode\capstonecode\debug\playerstatemessage.sbr
c:\users\erik\capstone\erik_erik_1982\capstonecode\capstonecode\debug\playerorientationmessage.sbr
c:\users\erik\capstone\erik_erik_1982\capstonecode\capstonecode\debug\playermovementmessage.sbr
c:\users\erik\capstone\erik_erik_1982\capstonecode\capstonecode\debug\playerinformationmessage.sbr
c:\users\erik\capstone\erik_erik_1982\capstonecode\capstonecode\debug\playerdestroymessage.sbr
c:\users\erik\capstone\erik_erik_1982\capstonecode\capstonecode\debug\pickupobtainedmessage.sbr
c:\users\erik\capstone\erik_erik_1982\capstonecode\capstonecode\debug\pickupcontroller.sbr
c:\users\erik\capstone\erik_erik_1982\capstonecode\capstonecode\debug\pathfinding.sbr
c:\users\erik\capstone\erik_erik_1982\capstonecode\capstonecode\debug\gameplayer.sbr
c:\users\erik\capstone\erik_erik_1982\capstonecode\capstonecode\debug\myworld.sbr
c:\users\erik\capstone\erik_erik_1982\capstonecode\capstonecode\debug\myspincontroller.sbr
c:\users\erik\capstone\erik_erik_1982\capstonecode\capstonecode\debug\myrespawncontroller.sbr
c:\users\erik\capstone\erik_erik_1982\capstonecode\capstonecode\debug\myplayermanager.sbr
c:\users\erik\capstone\erik_erik_1982\capstonecode\capstonecode\debug\myworld.obj
c:\users\erik\capstone\erik_erik_1982\capstonecode\capstonecode\debug\myplayercontroller.sbr
c:\users\erik\capstone\erik_erik_1982\capstonecode\capstonecode\debug\mypauseaction.sbr
c:\users\erik\capstone\erik_erik_1982\capstonecode\capstonecode\debug\mymoveaction.sbr
c:\users\erik\capstone\erik_erik_1982\capstonecode\capstonecode\debug\myidlestate.sbr
c:\users\erik\capstone\erik_erik_1982\capstonecode\capstonecode\debug\myhud.sbr
c:\users\erik\capstone\erik_erik_1982\capstonecode\capstonecode\debug\mychasestate.sbr
c:\users\erik\capstone\erik_erik_1982\capstonecode\capstonecode\debug\entitybase.sbr
c:\users\erik\capstone\erik_erik_1982\capstonecode\capstonecode\debug\mycamera.sbr
c:\users\erik\capstone\erik_erik_1982\capstonecode\capstonecode\debug\mybasestate.sbr
c:\users\erik\capstone\erik_erik_1982\capstonecode\capstonecode\debug\myattackaction.sbr
c:\users\erik\capstone\erik_erik_1982\capstonecode\capstonecode\debug\game.sbr
c:\users\erik\capstone\erik_erik_1982\capstonecode\capstonecode\debug\clientorientationmessage.sbr
c:\users\erik\capstone\erik_erik_1982\capstonecode\capstonecode\debug\clientmovementmessage.sbr
c:\users\erik\capstone\erik_erik_1982\capstonecode\capstonecode\debug\myaicontroller.sbr
c:\users\erik\capstone\erik_erik_1982\capstonecode\capstonecode\debug\mainmenu.sbr
c:\users\erik\capstone\erik_erik_1982\capstonecode\capstonecode\debug\inventorywindow.sbr
c:\users\erik\capstone\erik_erik_1982\capstonecode\capstonecode\debug\fuelpickupcontroller.sbr
c:\users\erik\capstone\erik_erik_1982\capstonecode\capstonecode\debug\entityweapon.sbr
c:\users\erik\capstone\erik_erik_1982\capstonecode\capstonecode\debug\entityundamageable.sbr
c:\users\erik\capstone\erik_erik_1982\capstonecode\capstonecode\debug\entityscraps.sbr
c:\users\erik\capstone\erik_erik_1982\capstonecode\capstonecode\debug\entityscraps.obj
c:\users\erik\capstone\erik_erik_1982\capstonecode\capstonecode\debug\entityundamageable.obj
c:\users\erik\capstone\erik_erik_1982\capstonecode\capstonecode\debug\entityweapon.obj
c:\users\erik\capstone\erik_erik_1982\capstonecode\capstonecode\debug\fuelpickupcontroller.obj
c:\users\erik\capstone\erik_erik_1982\capstonecode\capstonecode\debug\mybasestate.obj
c:\users\erik\capstone\erik_erik_1982\capstonecode\capstonecode\debug\entitybase.obj
c:\users\erik\capstone\erik_erik_1982\capstonecode\capstonecode\debug\entityscenery.sbr
c:\users\erik\capstone\erik_erik_1982\capstonecode\capstonecode\debug\entityprops.sbr
c:\users\erik\capstone\erik_erik_1982\capstonecode\capstonecode\debug\entitypowerups.sbr
c:\users\erik\capstone\erik_erik_1982\capstonecode\capstonecode\debug\entityplayer.sbr
c:\users\erik\capstone\erik_erik_1982\capstonecode\capstonecode\debug\entitypickups.sbr
c:\users\erik\capstone\erik_erik_1982\capstonecode\capstonecode\debug\entitynotmoveable.sbr
c:\users\erik\capstone\erik_erik_1982\capstonecode\capstonecode\debug\entitymoveable.sbr
c:\users\erik\capstone\erik_erik_1982\capstonecode\capstonecode\debug\entitymanager.sbr
c:\users\erik\capstone\erik_erik_1982\capstonecode\capstonecode\debug\entityhealth.sbr
c:\users\erik\capstone\erik_erik_1982\capstonecode\capstonecode\debug\entityfuel.sbr
c:\users\erik\capstone\erik_erik_1982\capstonecode\capstonecode\debug\entityequippable.sbr
c:\users\erik\capstone\erik_erik_1982\capstonecode\capstonecode\debug\entityenemies.sbr
c:\users\erik\capstone\erik_erik_1982\capstonecode\capstonecode\debug\entitydamageable.sbr
c:\users\erik\capstone\erik_erik_1982\capstonecode\capstonecode\debug\entityarmor.sbr
c:\users\erik\capstone\erik_erik_1982\capstonecode\capstonecode\debug\clientpickupmessage.sbr
c:\users\erik\capstone\erik_erik_1982\capstonecode\capstonecode\debug\changearmormessageall.sbr
c:\users\erik\capstone\erik_erik_1982\capstonecode\capstonecode\debug\changearmormessage.sbr
c:\users\erik\capstone\erik_erik_1982\capstonecode\capstonecode\debug\attackmessage.sbr
c:\users\erik\capstone\erik_erik_1982\capstonecode\capstonecode\debug\entityarmor.obj
c:\users\erik\capstone\erik_erik_1982\capstonecode\capstonecode\debug\entitydamageable.obj
c:\users\erik\capstone\erik_erik_1982\capstonecode\capstonecode\debug\entityenemies.obj
c:\users\erik\capstone\erik_erik_1982\capstonecode\capstonecode\debug\entityequippable.obj
c:\users\erik\capstone\erik_erik_1982\capstonecode\capstonecode\debug\entityfuel.obj
c:\users\erik\capstone\erik_erik_1982\capstonecode\capstonecode\debug\entityhealth.obj
c:\users\erik\capstone\erik_erik_1982\capstonecode\capstonecode\debug\entitymoveable.obj
c:\users\erik\capstone\erik_erik_1982\capstonecode\capstonecode\debug\entitynotmoveable.obj
c:\users\erik\capstone\erik_erik_1982\capstonecode\capstonecode\debug\entitypickups.obj
c:\users\erik\capstone\erik_erik_1982\capstonecode\capstonecode\debug\entityplayer.obj
c:\users\erik\capstone\erik_erik_1982\capstonecode\capstonecode\debug\entitypowerups.obj
c:\users\erik\capstone\erik_erik_1982\capstonecode\capstonecode\debug\entityprops.obj
c:\users\erik\capstone\erik_erik_1982\capstonecode\capstonecode\debug\entityscenery.obj
c:\users\erik\capstone\erik_erik_1982\capstonecode\capstonecode\debug\myaicontroller.obj
c:\users\erik\capstone\erik_erik_1982\capstonecode\capstonecode\debug\game.obj
c:\users\erik\capstone\erik_erik_1982\capstonecode\capstonecode\debug\myplayercontroller.obj
c:\users\erik\capstone\erik_erik_1982\capstonecode\capstonecode\debug\mypauseaction.obj
c:\users\erik\capstone\erik_erik_1982\capstonecode\capstonecode\debug\myplayermanager.obj
c:\users\erik\capstone\erik_erik_1982\capstonecode\capstonecode\debug\myrespawncontroller.obj
c:\users\erik\capstone\erik_erik_1982\capstonecode\capstonecode\debug\myspincontroller.obj
c:\users\erik\capstone\erik_erik_1982\capstonecode\capstonecode\debug\pathfinding.obj
c:\users\erik\capstone\erik_erik_1982\capstonecode\capstonecode\debug\pickupcontroller.obj
c:\users\erik\capstone\erik_erik_1982\capstonecode\capstonecode\debug\pickupobtainedmessage.obj
c:\users\erik\capstone\erik_erik_1982\capstonecode\capstonecode\debug\playerdestroymessage.obj
c:\users\erik\capstone\erik_erik_1982\capstonecode\capstonecode\debug\playerinformationmessage.obj
c:\users\erik\capstone\erik_erik_1982\capstonecode\capstonecode\debug\playermovementmessage.obj
c:\users\erik\capstone\erik_erik_1982\capstonecode\capstonecode\debug\playerorientationmessage.obj
c:\users\erik\capstone\erik_erik_1982\capstonecode\capstonecode\debug\playerstatemessage.obj
c:\users\erik\capstone\erik_erik_1982\capstonecode\capstonecode\debug\requestmessage.obj
c:\users\erik\capstone\erik_erik_1982\capstonecode\capstonecode\debug\requestrenamemessage.obj
c:\users\erik\capstone\erik_erik_1982\capstonecode\capstonecode\debug\serverhealthupdatemessage.obj
c:\users\erik\capstone\erik_erik_1982\capstonecode\capstonecode\debug\spawndummymessage.obj
c:\users\erik\capstone\erik_erik_1982\capstonecode\capstonecode\debug\spawnmessage.obj
c:\users\erik\capstone\erik_erik_1982\capstonecode\capstonecode\debug\updateweaponmessage.obj
c:\users\erik\capstone\erik_erik_1982\capstonecode\capstonecode\debug\updateweaponmessageall.obj
c:\users\erik\capstone\erik_erik_1982\capstonecode\capstonecode\debug\attackmessage.obj
c:\users\erik\capstone\erik_erik_1982\capstonecode\capstonecode\debug\changearmormessage.obj
c:\users\erik\capstone\erik_erik_1982\capstonecode\capstonecode\debug\changearmormessageall.obj
c:\users\erik\capstone\erik_erik_1982\capstonecode\capstonecode\debug\clientmovementmessage.obj
c:\users\erik\capstone\erik_erik_1982\capstonecode\capstonecode\debug\clientorientationmessage.obj
c:\users\erik\capstone\erik_erik_1982\capstonecode\capstonecode\debug\clientpickupmessage.obj
c:\users\erik\capstone\erik_erik_1982\capstonecode\capstonecode\debug\entitymanager.obj
c:\users\erik\capstone\erik_erik_1982\capstonecode\capstonecode\debug\gameplayer.obj
c:\users\erik\capstone\erik_erik_1982\capstonecode\capstonecode\debug\inventorywindow.obj
c:\users\erik\capstone\erik_erik_1982\capstonecode\capstonecode\debug\mainmenu.obj
c:\users\erik\capstone\erik_erik_1982\capstonecode\capstonecode\debug\myattackaction.obj
c:\users\erik\capstone\erik_erik_1982\capstonecode\capstonecode\debug\mycamera.obj
c:\users\erik\capstone\erik_erik_1982\capstonecode\capstonecode\debug\mychasestate.obj
c:\users\erik\capstone\erik_erik_1982\capstonecode\capstonecode\debug\myhud.obj
c:\users\erik\capstone\erik_erik_1982\capstonecode\capstonecode\debug\myidlestate.obj
c:\users\erik\capstone\erik_erik_1982\capstonecode\capstonecode\debug\mymoveaction.obj
c:\users\erik\capstone\erik_erik_1982\capstonecode\capstonecode\debug\healthpickupcontroller.sbr
c:\users\erik\capstone\erik_erik_1982\capstonecode\capstonecode\debug\healthpickupcontroller.obj
c:\users\erik\capstone\erik_erik_1982\capstonecode\capstonecode\debug\scrappickupcontroller.sbr
c:\users\erik\capstone\erik_erik_1982\capstonecode\capstonecode\debug\scrappickupcontroller.obj
c:\users\erik\capstone\erik_erik_1982\capstonecode\capstonecode\debug\spawnprojectilemessage.obj
c:\users\erik\capstone\erik_erik_1982\capstonecode\capstonecode\debug\myprojectilecontroller.obj
c:\users\erik\capstone\erik_erik_1982\capstonecode\capstonecode\debug\newprojectilerequestmessage.obj
c:\users\erik\capstone\erik_erik_1982\capstonecode\capstonecode\debug\entityremovermessage.obj
c:\users\erik\capstone\erik_erik_1982\capstonecode\capstonecode\debug\destroyprojectilemessage.obj
c:\users\erik\capstone\erik_erik_1982\capstonecode\capstonecode\debug\myattackstate.obj
c:\users\erik\capstone\erik_erik_1982\c4 engine\capstonecode.ilk
c:\users\erik\capstone\erik_erik_1982\c4 engine\capstonecode.dll
c:\users\erik\capstone\erik_erik_1982\c4 engine\capstonecode.pdb
c:\users\erik\capstone\erik_erik_1982\capstonecode\capstonecode\debug\capstonecode.tlog\bscmake.command.1.tlog
c:\users\erik\capstone\erik_erik_1982\capstonecode\capstonecode\debug\capstonecode.tlog\bscmake.read.1.tlog
c:\users\erik\capstone\erik_erik_1982\capstonecode\capstonecode\debug\capstonecode.tlog\bscmake.write.1.tlog
c:\users\erik\capstone\erik_erik_1982\capstonecode\capstonecode\debug\capstonecode.tlog\capstonecode.write.1u.tlog
c:\users\erik\capstone\erik_erik_1982\capstonecode\capstonecode\debug\capstonecode.tlog\cl.command.1.tlog
c:\users\erik\capstone\erik_erik_1982\capstonecode\capstonecode\debug\capstonecode.tlog\cl.read.1.tlog
c:\users\erik\capstone\erik_erik_1982\capstonecode\capstonecode\debug\capstonecode.tlog\cl.write.1.tlog
c:\users\erik\capstone\erik_erik_1982\capstonecode\capstonecode\debug\capstonecode.tlog\link.command.1.tlog
c:\users\erik\capstone\erik_erik_1982\capstonecode\capstonecode\debug\capstonecode.tlog\link.read.1.tlog
c:\users\erik\capstone\erik_erik_1982\capstonecode\capstonecode\debug\capstonecode.tlog\link.write.1.tlog
